<?xml version="1.0" encoding="UTF-8"?>
<testng-results ignored="0" total="1" passed="1" failed="0" skipped="0">
  <reporter-output>
  </reporter-output>
  <suite started-at="2022-04-28T21:08:26 IST" name="Suite" finished-at="2022-04-28T21:08:45 IST" duration-ms="18850">
    <groups>
    </groups>
    <test started-at="2022-04-28T21:08:26 IST" name="Test" finished-at="2022-04-28T21:08:45 IST" duration-ms="18850">
      <class name="amazontest.AmazonTestcases">
        <test-method is-config="true" signature="browser()[pri:0, instance:amazontest.AmazonTestcases@6fe7aac8]" started-at="2022-04-28T21:08:26 IST" name="browser" finished-at="2022-04-28T21:08:29 IST" duration-ms="2795" status="PASS">
          <reporter-output>
          </reporter-output>
        </test-method> <!-- browser -->
        <test-method signature="tc01()[pri:0, instance:amazontest.AmazonTestcases@6fe7aac8]" started-at="2022-04-28T21:08:29 IST" name="tc01" finished-at="2022-04-28T21:08:45 IST" duration-ms="15992" status="PASS">
          <reporter-output>
          </reporter-output>
        </test-method> <!-- tc01 -->
      </class> <!-- amazontest.AmazonTestcases -->
    </test> <!-- Test -->
  </suite> <!-- Suite -->
</testng-results>
